<?xml version="1.0" encoding="UTF-8"?>
<!-- Generated by org.testng.reporters.JUnitReportReporter -->
<testsuite hostname="LAPTOP-F2QBS6K8" failures="0" tests="1" name="com.competella.qaframework.R3LoginTestCase" time="56.499" errors="0" timestamp="2021-07-13T15:40:46 CEST" skipped="0">
  <testcase classname="com.competella.qaframework.R3LoginTestCase" name="loginTest" time="56.499"/>
  <system-out/>
</testsuite> <!-- com.competella.qaframework.R3LoginTestCase -->
