<?xml version="1.0" encoding="UTF-8"?>
<!-- Generated by org.testng.reporters.JUnitReportReporter -->
<testsuite hostname="TALHA-PC" failures="0" tests="1" name="com.competella.qaframework.LoginTestCase" time="23.719" errors="0" timestamp="26 Nov 2020 16:28:45 GMT">
  <testcase classname="com.competella.qaframework.LoginTestCase" name="loginTest" time="23.719"/>
</testsuite> <!-- com.competella.qaframework.LoginTestCase -->
